Determining if the pthread_create exist failed with the following output:
Change Dir: /build/CMakeFiles/CMakeTmp

Run Build Command:"/usr/bin/make" "cmTC_88df9/fast"
/usr/bin/make -f CMakeFiles/cmTC_88df9.dir/build.make CMakeFiles/cmTC_88df9.dir/build
make[1]: Entering directory '/build/CMakeFiles/CMakeTmp'
Building C object CMakeFiles/cmTC_88df9.dir/CheckSymbolExists.c.o
/usr/bin/cc   -fPIC    -o CMakeFiles/cmTC_88df9.dir/CheckSymbolExists.c.o   -c /build/CMakeFiles/CMakeTmp/CheckSymbolExists.c
Linking C executable cmTC_88df9
/usr/bin/cmake -E cmake_link_script CMakeFiles/cmTC_88df9.dir/link.txt --verbose=1
/usr/bin/cc -fPIC     CMakeFiles/cmTC_88df9.dir/CheckSymbolExists.c.o  -o cmTC_88df9 
CMakeFiles/cmTC_88df9.dir/CheckSymbolExists.c.o: In function `main':
CheckSymbolExists.c:(.text+0x1b): undefined reference to `pthread_create'
collect2: error: ld returned 1 exit status
CMakeFiles/cmTC_88df9.dir/build.make:97: recipe for target 'cmTC_88df9' failed
make[1]: *** [cmTC_88df9] Error 1
make[1]: Leaving directory '/build/CMakeFiles/CMakeTmp'
Makefile:126: recipe for target 'cmTC_88df9/fast' failed
make: *** [cmTC_88df9/fast] Error 2

File /build/CMakeFiles/CMakeTmp/CheckSymbolExists.c:
/* */
#include <pthread.h>

int main(int argc, char** argv)
{
  (void)argv;
#ifndef pthread_create
  return ((int*)(&pthread_create))[argc];
#else
  (void)argc;
  return 0;
#endif
}

Determining if the function pthread_create exists in the pthreads failed with the following output:
Change Dir: /build/CMakeFiles/CMakeTmp

Run Build Command:"/usr/bin/make" "cmTC_38bda/fast"
/usr/bin/make -f CMakeFiles/cmTC_38bda.dir/build.make CMakeFiles/cmTC_38bda.dir/build
make[1]: Entering directory '/build/CMakeFiles/CMakeTmp'
Building C object CMakeFiles/cmTC_38bda.dir/CheckFunctionExists.c.o
/usr/bin/cc   -fPIC -DCHECK_FUNCTION_EXISTS=pthread_create   -o CMakeFiles/cmTC_38bda.dir/CheckFunctionExists.c.o   -c /usr/share/cmake-3.10/Modules/CheckFunctionExists.c
Linking C executable cmTC_38bda
/usr/bin/cmake -E cmake_link_script CMakeFiles/cmTC_38bda.dir/link.txt --verbose=1
/usr/bin/cc -fPIC -DCHECK_FUNCTION_EXISTS=pthread_create    CMakeFiles/cmTC_38bda.dir/CheckFunctionExists.c.o  -o cmTC_38bda -lpthreads 
/usr/bin/ld: cannot find -lpthreads
collect2: error: ld returned 1 exit status
CMakeFiles/cmTC_38bda.dir/build.make:97: recipe for target 'cmTC_38bda' failed
make[1]: *** [cmTC_38bda] Error 1
make[1]: Leaving directory '/build/CMakeFiles/CMakeTmp'
Makefile:126: recipe for target 'cmTC_38bda/fast' failed
make: *** [cmTC_38bda/fast] Error 2


