Determining if the pthread_create exist failed with the following output:
Change Dir: /build/CMakeFiles/CMakeTmp

Run Build Command:"/usr/bin/make" "cmTC_6d53b/fast"
/usr/bin/make -f CMakeFiles/cmTC_6d53b.dir/build.make CMakeFiles/cmTC_6d53b.dir/build
make[1]: Entering directory '/build/CMakeFiles/CMakeTmp'
Building C object CMakeFiles/cmTC_6d53b.dir/CheckSymbolExists.c.o
/usr/bin/cc   -fPIC    -o CMakeFiles/cmTC_6d53b.dir/CheckSymbolExists.c.o   -c /build/CMakeFiles/CMakeTmp/CheckSymbolExists.c
Linking C executable cmTC_6d53b
/usr/bin/cmake -E cmake_link_script CMakeFiles/cmTC_6d53b.dir/link.txt --verbose=1
/usr/bin/cc -fPIC     CMakeFiles/cmTC_6d53b.dir/CheckSymbolExists.c.o  -o cmTC_6d53b 
CMakeFiles/cmTC_6d53b.dir/CheckSymbolExists.c.o: In function `main':
CheckSymbolExists.c:(.text+0x1b): undefined reference to `pthread_create'
collect2: error: ld returned 1 exit status
CMakeFiles/cmTC_6d53b.dir/build.make:97: recipe for target 'cmTC_6d53b' failed
make[1]: *** [cmTC_6d53b] Error 1
make[1]: Leaving directory '/build/CMakeFiles/CMakeTmp'
Makefile:126: recipe for target 'cmTC_6d53b/fast' failed
make: *** [cmTC_6d53b/fast] Error 2

File /build/CMakeFiles/CMakeTmp/CheckSymbolExists.c:
/* */
#include <pthread.h>

int main(int argc, char** argv)
{
  (void)argv;
#ifndef pthread_create
  return ((int*)(&pthread_create))[argc];
#else
  (void)argc;
  return 0;
#endif
}

Determining if the function pthread_create exists in the pthreads failed with the following output:
Change Dir: /build/CMakeFiles/CMakeTmp

Run Build Command:"/usr/bin/make" "cmTC_863ed/fast"
/usr/bin/make -f CMakeFiles/cmTC_863ed.dir/build.make CMakeFiles/cmTC_863ed.dir/build
make[1]: Entering directory '/build/CMakeFiles/CMakeTmp'
Building C object CMakeFiles/cmTC_863ed.dir/CheckFunctionExists.c.o
/usr/bin/cc   -fPIC -DCHECK_FUNCTION_EXISTS=pthread_create   -o CMakeFiles/cmTC_863ed.dir/CheckFunctionExists.c.o   -c /usr/share/cmake-3.10/Modules/CheckFunctionExists.c
Linking C executable cmTC_863ed
/usr/bin/cmake -E cmake_link_script CMakeFiles/cmTC_863ed.dir/link.txt --verbose=1
/usr/bin/cc -fPIC -DCHECK_FUNCTION_EXISTS=pthread_create    CMakeFiles/cmTC_863ed.dir/CheckFunctionExists.c.o  -o cmTC_863ed -lpthreads 
/usr/bin/ld: cannot find -lpthreads
collect2: error: ld returned 1 exit status
CMakeFiles/cmTC_863ed.dir/build.make:97: recipe for target 'cmTC_863ed' failed
make[1]: *** [cmTC_863ed] Error 1
make[1]: Leaving directory '/build/CMakeFiles/CMakeTmp'
Makefile:126: recipe for target 'cmTC_863ed/fast' failed
make: *** [cmTC_863ed/fast] Error 2


