Determining if the pthread_create exist failed with the following output:
Change Dir: /build/CMakeFiles/CMakeTmp

Run Build Command:"/usr/bin/make" "cmTC_c9ff9/fast"
/usr/bin/make -f CMakeFiles/cmTC_c9ff9.dir/build.make CMakeFiles/cmTC_c9ff9.dir/build
make[1]: Entering directory '/build/CMakeFiles/CMakeTmp'
Building C object CMakeFiles/cmTC_c9ff9.dir/CheckSymbolExists.c.o
/usr/bin/cc   -fPIC    -o CMakeFiles/cmTC_c9ff9.dir/CheckSymbolExists.c.o   -c /build/CMakeFiles/CMakeTmp/CheckSymbolExists.c
Linking C executable cmTC_c9ff9
/usr/bin/cmake -E cmake_link_script CMakeFiles/cmTC_c9ff9.dir/link.txt --verbose=1
/usr/bin/cc -fPIC     CMakeFiles/cmTC_c9ff9.dir/CheckSymbolExists.c.o  -o cmTC_c9ff9 
CMakeFiles/cmTC_c9ff9.dir/CheckSymbolExists.c.o: In function `main':
CheckSymbolExists.c:(.text+0x1b): undefined reference to `pthread_create'
collect2: error: ld returned 1 exit status
CMakeFiles/cmTC_c9ff9.dir/build.make:97: recipe for target 'cmTC_c9ff9' failed
make[1]: *** [cmTC_c9ff9] Error 1
make[1]: Leaving directory '/build/CMakeFiles/CMakeTmp'
Makefile:126: recipe for target 'cmTC_c9ff9/fast' failed
make: *** [cmTC_c9ff9/fast] Error 2

File /build/CMakeFiles/CMakeTmp/CheckSymbolExists.c:
/* */
#include <pthread.h>

int main(int argc, char** argv)
{
  (void)argv;
#ifndef pthread_create
  return ((int*)(&pthread_create))[argc];
#else
  (void)argc;
  return 0;
#endif
}

Determining if the function pthread_create exists in the pthreads failed with the following output:
Change Dir: /build/CMakeFiles/CMakeTmp

Run Build Command:"/usr/bin/make" "cmTC_9714d/fast"
/usr/bin/make -f CMakeFiles/cmTC_9714d.dir/build.make CMakeFiles/cmTC_9714d.dir/build
make[1]: Entering directory '/build/CMakeFiles/CMakeTmp'
Building C object CMakeFiles/cmTC_9714d.dir/CheckFunctionExists.c.o
/usr/bin/cc   -fPIC -DCHECK_FUNCTION_EXISTS=pthread_create   -o CMakeFiles/cmTC_9714d.dir/CheckFunctionExists.c.o   -c /usr/share/cmake-3.10/Modules/CheckFunctionExists.c
Linking C executable cmTC_9714d
/usr/bin/cmake -E cmake_link_script CMakeFiles/cmTC_9714d.dir/link.txt --verbose=1
/usr/bin/cc -fPIC -DCHECK_FUNCTION_EXISTS=pthread_create    CMakeFiles/cmTC_9714d.dir/CheckFunctionExists.c.o  -o cmTC_9714d -lpthreads 
/usr/bin/ld: cannot find -lpthreads
collect2: error: ld returned 1 exit status
CMakeFiles/cmTC_9714d.dir/build.make:97: recipe for target 'cmTC_9714d' failed
make[1]: *** [cmTC_9714d] Error 1
make[1]: Leaving directory '/build/CMakeFiles/CMakeTmp'
Makefile:126: recipe for target 'cmTC_9714d/fast' failed
make: *** [cmTC_9714d/fast] Error 2


