Determining if the pthread_create exist failed with the following output:
Change Dir: /build/CMakeFiles/CMakeTmp

Run Build Command:"/usr/bin/make" "cmTC_b337f/fast"
/usr/bin/make -f CMakeFiles/cmTC_b337f.dir/build.make CMakeFiles/cmTC_b337f.dir/build
make[1]: Entering directory '/build/CMakeFiles/CMakeTmp'
Building C object CMakeFiles/cmTC_b337f.dir/CheckSymbolExists.c.o
/usr/bin/cc   -fPIC    -o CMakeFiles/cmTC_b337f.dir/CheckSymbolExists.c.o   -c /build/CMakeFiles/CMakeTmp/CheckSymbolExists.c
Linking C executable cmTC_b337f
/usr/bin/cmake -E cmake_link_script CMakeFiles/cmTC_b337f.dir/link.txt --verbose=1
/usr/bin/cc -fPIC     CMakeFiles/cmTC_b337f.dir/CheckSymbolExists.c.o  -o cmTC_b337f 
CMakeFiles/cmTC_b337f.dir/CheckSymbolExists.c.o: In function `main':
CheckSymbolExists.c:(.text+0x1b): undefined reference to `pthread_create'
collect2: error: ld returned 1 exit status
CMakeFiles/cmTC_b337f.dir/build.make:97: recipe for target 'cmTC_b337f' failed
make[1]: *** [cmTC_b337f] Error 1
make[1]: Leaving directory '/build/CMakeFiles/CMakeTmp'
Makefile:126: recipe for target 'cmTC_b337f/fast' failed
make: *** [cmTC_b337f/fast] Error 2

File /build/CMakeFiles/CMakeTmp/CheckSymbolExists.c:
/* */
#include <pthread.h>

int main(int argc, char** argv)
{
  (void)argv;
#ifndef pthread_create
  return ((int*)(&pthread_create))[argc];
#else
  (void)argc;
  return 0;
#endif
}

Determining if the function pthread_create exists in the pthreads failed with the following output:
Change Dir: /build/CMakeFiles/CMakeTmp

Run Build Command:"/usr/bin/make" "cmTC_35530/fast"
/usr/bin/make -f CMakeFiles/cmTC_35530.dir/build.make CMakeFiles/cmTC_35530.dir/build
make[1]: Entering directory '/build/CMakeFiles/CMakeTmp'
Building C object CMakeFiles/cmTC_35530.dir/CheckFunctionExists.c.o
/usr/bin/cc   -fPIC -DCHECK_FUNCTION_EXISTS=pthread_create   -o CMakeFiles/cmTC_35530.dir/CheckFunctionExists.c.o   -c /usr/share/cmake-3.10/Modules/CheckFunctionExists.c
Linking C executable cmTC_35530
/usr/bin/cmake -E cmake_link_script CMakeFiles/cmTC_35530.dir/link.txt --verbose=1
/usr/bin/cc -fPIC -DCHECK_FUNCTION_EXISTS=pthread_create    CMakeFiles/cmTC_35530.dir/CheckFunctionExists.c.o  -o cmTC_35530 -lpthreads 
/usr/bin/ld: cannot find -lpthreads
collect2: error: ld returned 1 exit status
CMakeFiles/cmTC_35530.dir/build.make:97: recipe for target 'cmTC_35530' failed
make[1]: *** [cmTC_35530] Error 1
make[1]: Leaving directory '/build/CMakeFiles/CMakeTmp'
Makefile:126: recipe for target 'cmTC_35530/fast' failed
make: *** [cmTC_35530/fast] Error 2


