Determining if the pthread_create exist failed with the following output:
Change Dir: /build/CMakeFiles/CMakeTmp

Run Build Command:"/usr/bin/make" "cmTC_987cd/fast"
/usr/bin/make -f CMakeFiles/cmTC_987cd.dir/build.make CMakeFiles/cmTC_987cd.dir/build
make[1]: Entering directory '/build/CMakeFiles/CMakeTmp'
Building C object CMakeFiles/cmTC_987cd.dir/CheckSymbolExists.c.o
/usr/bin/cc   -fPIC    -o CMakeFiles/cmTC_987cd.dir/CheckSymbolExists.c.o   -c /build/CMakeFiles/CMakeTmp/CheckSymbolExists.c
Linking C executable cmTC_987cd
/usr/bin/cmake -E cmake_link_script CMakeFiles/cmTC_987cd.dir/link.txt --verbose=1
/usr/bin/cc -fPIC     CMakeFiles/cmTC_987cd.dir/CheckSymbolExists.c.o  -o cmTC_987cd 
CMakeFiles/cmTC_987cd.dir/CheckSymbolExists.c.o: In function `main':
CheckSymbolExists.c:(.text+0x1b): undefined reference to `pthread_create'
collect2: error: ld returned 1 exit status
CMakeFiles/cmTC_987cd.dir/build.make:97: recipe for target 'cmTC_987cd' failed
make[1]: *** [cmTC_987cd] Error 1
make[1]: Leaving directory '/build/CMakeFiles/CMakeTmp'
Makefile:126: recipe for target 'cmTC_987cd/fast' failed
make: *** [cmTC_987cd/fast] Error 2

File /build/CMakeFiles/CMakeTmp/CheckSymbolExists.c:
/* */
#include <pthread.h>

int main(int argc, char** argv)
{
  (void)argv;
#ifndef pthread_create
  return ((int*)(&pthread_create))[argc];
#else
  (void)argc;
  return 0;
#endif
}

Determining if the function pthread_create exists in the pthreads failed with the following output:
Change Dir: /build/CMakeFiles/CMakeTmp

Run Build Command:"/usr/bin/make" "cmTC_de800/fast"
/usr/bin/make -f CMakeFiles/cmTC_de800.dir/build.make CMakeFiles/cmTC_de800.dir/build
make[1]: Entering directory '/build/CMakeFiles/CMakeTmp'
Building C object CMakeFiles/cmTC_de800.dir/CheckFunctionExists.c.o
/usr/bin/cc   -fPIC -DCHECK_FUNCTION_EXISTS=pthread_create   -o CMakeFiles/cmTC_de800.dir/CheckFunctionExists.c.o   -c /usr/share/cmake-3.10/Modules/CheckFunctionExists.c
Linking C executable cmTC_de800
/usr/bin/cmake -E cmake_link_script CMakeFiles/cmTC_de800.dir/link.txt --verbose=1
/usr/bin/cc -fPIC -DCHECK_FUNCTION_EXISTS=pthread_create    CMakeFiles/cmTC_de800.dir/CheckFunctionExists.c.o  -o cmTC_de800 -lpthreads 
/usr/bin/ld: cannot find -lpthreads
collect2: error: ld returned 1 exit status
CMakeFiles/cmTC_de800.dir/build.make:97: recipe for target 'cmTC_de800' failed
make[1]: *** [cmTC_de800] Error 1
make[1]: Leaving directory '/build/CMakeFiles/CMakeTmp'
Makefile:126: recipe for target 'cmTC_de800/fast' failed
make: *** [cmTC_de800/fast] Error 2


